#
# A fatal error has been detected by the Java Runtime Environment:
#
#  EXCEPTION_ILLEGAL_INSTRUCTION (0xc000001d) at pc=0x0000000066723556, pid=7312, tid=0x00000000000021f8
#
# JRE version: Java(TM) SE Runtime Environment (8.0_301-b09) (build 1.8.0_301-b09)
# Java VM: Java HotSpot(TM) 64-Bit Server VM (25.301-b09 mixed mode windows-amd64 compressed oops)
# Problematic frame:
# V  [jvm.dll+0x213556]
#
# Failed to write core dump. Minidumps are not enabled by default on client versions of Windows
#
# If you would like to submit a bug report, please visit:
#   http://bugreport.java.com/bugreport/crash.jsp
#

---------------  T H R E A D  ---------------

Current thread (0x0000021a392c5000):  JavaThread "RMI TCP Connection(1)-10.65.1.133" daemon [_thread_in_vm, id=8696, stack(0x000000eaa9800000,0x000000eaa9900000)]

siginfo: ExceptionCode=0xc000001d

Registers:
RAX=0x00000000f4dd443a, RBX=0x000000eaaa0ff1c0, RCX=0x0000021a392c5000, RDX=0x0000021a3a745c50
RSP=0x000000eaa98fca10, RBP=0x0000021a3a745c38, RSI=0x0000021a392c5000, RDI=0x00000000392c5000
R8 =0x0000000000000000, R9 =0x000000076bcf6ac0, R10=0x00000000665d1c30, R11=0x000000eaa98fcb08
R12=0x0000000000000000, R13=0x0000021a392c5000, R14=0x0000021a3a745c70, R15=0x0000000000000000
RIP=0x0000000066723556, EFLAGS=0x0000000000010286

Top of Stack: (sp=0x000000eaa98fca10)
0x000000eaa98fca10:   0000000000000300 0000000066744e14
0x000000eaa98fca20:   0000021a3922df98 0000021a392c5000
0x000000eaa98fca30:   0000021a392c5000 0000021a3a0143e5
0x000000eaa98fca40:   0000000000000000 000000eaa98fcb10
0x000000eaa98fca50:   000000076bcf6ac0 000000006674465c
0x000000eaa98fca60:   0000021a392c5000 0000021a3a745c3a
0x000000eaa98fca70:   000000eaa98fcb80 0000021a1dd3a590
0x000000eaa98fca80:   0000021a39568020 00000000665d1cce
0x000000eaa98fca90:   000000076bcf6ac0 0000021a392c5000
0x000000eaa98fcaa0:   000000eaa98fcaa0 000000eaa98fcaa8
0x000000eaa98fcab0:   0000000000000000 000000eaa98fcb08
0x000000eaa98fcac0:   0000021a1dd2837d 0000021a1dd49113
0x000000eaa98fcad0:   00000000000000c3 000000eaa98fcb60
0x000000eaa98fcae0:   0000000000000320 000000eaa98fcb60
0x000000eaa98fcaf0:   0000021a1dd2837d 0000021a1dd490d3
0x000000eaa98fcb00:   000000076bcf6ac0 0000000000000000 

Instructions: (pc=0x0000000066723556)
0x0000000066723536:   0d 0d c4 3b 00 ba fb 04 00 00 4c 8d 05 d1 02 3d
0x0000000066723546:   00 48 8d 0d 92 01 3d 00 e8 dd 97 05 00 e8 68 ba
0x0000000066723556:   07 00 83 3d b9 3c 56 00 00 74 06 48 8b 43 10 eb
0x0000000066723566:   02 33 c0 48 89 45 48 48 8b 5b 20 48 c7 45 18 00 


Register to memory mapping:

RAX=0x00000000f4dd443a is an unknown value
RBX=0x000000eaaa0ff1c0 is pointing into the stack for thread: 0x0000021a3a75c000
RCX=0x0000021a392c5000 is a thread
RDX=0x0000021a3a745c50 is an unknown value
RSP=0x000000eaa98fca10 is pointing into the stack for thread: 0x0000021a392c5000
RBP=0x0000021a3a745c38 is an unknown value
RSI=0x0000021a392c5000 is a thread
RDI=0x00000000392c5000 is an unknown value
R8 =0x0000000000000000 is an unknown value
R9 =0x000000076bcf6ac0 is an oop
[I 
 - klass: {type array int}
 - length: 0
R10=0x00000000665d1c30 is an unknown value
R11=0x000000eaa98fcb08 is pointing into the stack for thread: 0x0000021a392c5000
R12=0x0000000000000000 is an unknown value
R13=0x0000021a392c5000 is a thread
R14=0x0000021a3a745c70 is an unknown value
R15=0x0000000000000000 is an unknown value


Stack: [0x000000eaa9800000,0x000000eaa9900000],  sp=0x000000eaa98fca10,  free space=1010k
Native frames: (J=compiled Java code, j=interpreted, Vv=VM code, C=native code)
V  [jvm.dll+0x213556]
V  [jvm.dll+0x23465c]
V  [jvm.dll+0xc1cce]
C  0x0000021a1dd49113

Java frames: (J=compiled Java code, j=interpreted, Vv=VM code)
j  com.sun.jmx.remote.internal.ServerCommunicatorAdmin.rspOutgoing()Z+69
j  javax.management.remote.rmi.RMIConnectionImpl.doPrivilegedOperation(I[Ljava/lang/Object;Ljavax/security/auth/Subject;)Ljava/lang/Object;+84
j  javax.management.remote.rmi.RMIConnectionImpl.getAttribute(Ljavax/management/ObjectName;Ljava/lang/String;Ljavax/security/auth/Subject;)Ljava/lang/Object;+77
v  ~StubRoutines::call_stub
J 1630  sun.reflect.NativeMethodAccessorImpl.invoke0(Ljava/lang/reflect/Method;Ljava/lang/Object;[Ljava/lang/Object;)Ljava/lang/Object; (0 bytes) @ 0x0000021a1e0a7d7f [0x0000021a1e0a7d00+0x7f]
J 1629 C1 sun.reflect.NativeMethodAccessorImpl.invoke(Ljava/lang/Object;[Ljava/lang/Object;)Ljava/lang/Object; (104 bytes) @ 0x0000021a1e0a8564 [0x0000021a1e0a81a0+0x3c4]
J 1765 C1 sun.reflect.DelegatingMethodAccessorImpl.invoke(Ljava/lang/Object;[Ljava/lang/Object;)Ljava/lang/Object; (10 bytes) @ 0x0000021a1e0e4b24 [0x0000021a1e0e4ae0+0x44]
J 1764 C1 java.lang.reflect.Method.invoke(Ljava/lang/Object;[Ljava/lang/Object;)Ljava/lang/Object; (62 bytes) @ 0x0000021a1e0e4724 [0x0000021a1e0e4620+0x104]
j  sun.rmi.server.UnicastServerRef.dispatch(Ljava/rmi/Remote;Ljava/rmi/server/RemoteCall;)V+231
j  sun.rmi.transport.Transport$1.run()Ljava/lang/Void;+23
j  sun.rmi.transport.Transport$1.run()Ljava/lang/Object;+1
v  ~StubRoutines::call_stub
J 538  java.security.AccessController.doPrivileged(Ljava/security/PrivilegedExceptionAction;Ljava/security/AccessControlContext;)Ljava/lang/Object; (0 bytes) @ 0x0000021a1deef7e6 [0x0000021a1deef780+0x66]
j  sun.rmi.transport.Transport.serviceCall(Ljava/rmi/server/RemoteCall;)Z+157
j  sun.rmi.transport.tcp.TCPTransport.handleMessages(Lsun/rmi/transport/Connection;Z)V+185
j  sun.rmi.transport.tcp.TCPTransport$ConnectionHandler.run0()V+696
j  sun.rmi.transport.tcp.TCPTransport$ConnectionHandler.lambda$run$0()Ljava/lang/Void;+1
j  sun.rmi.transport.tcp.TCPTransport$ConnectionHandler$$Lambda$229.run()Ljava/lang/Object;+4
v  ~StubRoutines::call_stub
j  java.security.AccessController.doPrivileged(Ljava/security/PrivilegedAction;Ljava/security/AccessControlContext;)Ljava/lang/Object;+0
j  sun.rmi.transport.tcp.TCPTransport$ConnectionHandler.run()V+58
j  java.util.concurrent.ThreadPoolExecutor.runWorker(Ljava/util/concurrent/ThreadPoolExecutor$Worker;)V+95
j  java.util.concurrent.ThreadPoolExecutor$Worker.run()V+5
j  java.lang.Thread.run()V+11
v  ~StubRoutines::call_stub

---------------  P R O C E S S  ---------------

Java Threads: ( => current thread )
  0x0000021a3a75c000 JavaThread "JMX server connection timeout 28" daemon [_thread_blocked, id=12532, stack(0x000000eaaa000000,0x000000eaaa100000)]
  0x0000021a1c49f800 JavaThread "DestroyJavaVM" [_thread_blocked, id=12912, stack(0x000000eaa8500000,0x000000eaa8600000)]
  0x0000021a387ae800 JavaThread "http-nio-8080-Acceptor" daemon [_thread_in_native, id=10636, stack(0x000000eaa9f00000,0x000000eaaa000000)]
  0x0000021a387ae000 JavaThread "http-nio-8080-Poller" daemon [_thread_in_native, id=10488, stack(0x000000eaa9e00000,0x000000eaa9f00000)]
  0x0000021a3a50b000 JavaThread "mysql-cj-abandoned-connection-cleanup" daemon [_thread_blocked, id=12592, stack(0x000000eaa9d00000,0x000000eaa9e00000)]
  0x0000021a3a4e1000 JavaThread "container-0" [_thread_blocked, id=5324, stack(0x000000eaa9c00000,0x000000eaa9d00000)]
  0x0000021a3a4e0000 JavaThread "Catalina-utility-2" [_thread_blocked, id=12944, stack(0x000000eaa9b00000,0x000000eaa9c00000)]
  0x0000021a3a4d7800 JavaThread "Catalina-utility-1" [_thread_blocked, id=8776, stack(0x000000eaa9a00000,0x000000eaa9b00000)]
  0x0000021a394b3000 JavaThread "RMI Scheduler(0)" daemon [_thread_blocked, id=9232, stack(0x000000eaa9900000,0x000000eaa9a00000)]
=>0x0000021a392c5000 JavaThread "RMI TCP Connection(1)-10.65.1.133" daemon [_thread_in_vm, id=8696, stack(0x000000eaa9800000,0x000000eaa9900000)]
  0x0000021a38f15000 JavaThread "RMI TCP Accept-0" daemon [_thread_in_native, id=9392, stack(0x000000eaa9600000,0x000000eaa9700000)]
  0x0000021a38963800 JavaThread "Service Thread" daemon [_thread_blocked, id=6344, stack(0x000000eaa9500000,0x000000eaa9600000)]
  0x0000021a388c1800 JavaThread "C1 CompilerThread2" daemon [_thread_blocked, id=9620, stack(0x000000eaa9400000,0x000000eaa9500000)]
  0x0000021a388bd800 JavaThread "C2 CompilerThread1" daemon [_thread_blocked, id=8628, stack(0x000000eaa9300000,0x000000eaa9400000)]
  0x0000021a388bc000 JavaThread "C2 CompilerThread0" daemon [_thread_blocked, id=8732, stack(0x000000eaa9200000,0x000000eaa9300000)]
  0x0000021a388b9800 JavaThread "Monitor Ctrl-Break" daemon [_thread_in_native, id=3280, stack(0x000000eaa9100000,0x000000eaa9200000)]
  0x0000021a36f78800 JavaThread "Attach Listener" daemon [_thread_blocked, id=12836, stack(0x000000eaa9000000,0x000000eaa9100000)]
  0x0000021a36f78000 JavaThread "Signal Dispatcher" daemon [_thread_blocked, id=12988, stack(0x000000eaa8f00000,0x000000eaa9000000)]
  0x0000021a36f4b000 JavaThread "Finalizer" daemon [_thread_blocked, id=9696, stack(0x000000eaa8e00000,0x000000eaa8f00000)]
  0x0000021a36f42000 JavaThread "Reference Handler" daemon [_thread_blocked, id=3136, stack(0x000000eaa8d00000,0x000000eaa8e00000)]

Other Threads:
  0x0000021a36f19800 VMThread [stack: 0x000000eaa8c00000,0x000000eaa8d00000] [id=10376]
  0x0000021a38f23800 WatcherThread [stack: 0x000000eaa9700000,0x000000eaa9800000] [id=1804]

VM state:not at safepoint (normal execution)

VM Mutex/Monitor currently owned by a thread: None

heap address: 0x00000006c2600000, size: 4058 MB, Compressed Oops mode: Zero based, Oop shift amount: 3
Narrow klass base: 0x0000000000000000, Narrow klass shift: 3
Compressed class space size: 1073741824 Address: 0x00000007c0000000

Heap:
 PSYoungGen      total 104448K, used 6271K [0x000000076b780000, 0x0000000775680000, 0x00000007c0000000)
  eden space 93696K, 6% used [0x000000076b780000,0x000000076bd9fdc0,0x0000000771300000)
  from space 10752K, 0% used [0x0000000771300000,0x0000000771300000,0x0000000771d80000)
  to   space 10752K, 0% used [0x0000000774c00000,0x0000000774c00000,0x0000000775680000)
 ParOldGen       total 169472K, used 14719K [0x00000006c2600000, 0x00000006ccb80000, 0x000000076b780000)
  object space 169472K, 8% used [0x00000006c2600000,0x00000006c345fc88,0x00000006ccb80000)
 Metaspace       used 33547K, capacity 35974K, committed 36096K, reserved 1081344K
  class space    used 4574K, capacity 5022K, committed 5120K, reserved 1048576K

Card table byte_map: [0x0000021a2d0e0000,0x0000021a2d8d0000] byte_map_base: 0x0000021a29acd000

Marking Bits: (ParMarkBitMap*) 0x0000000066cf7fe0
 Begin Bits: [0x0000021a2de20000, 0x0000021a31d88000)
 End Bits:   [0x0000021a31d88000, 0x0000021a35cf0000)

Polling page: 0x0000021a1c450000

CodeCache: size=245760Kb used=6394Kb max_used=6394Kb free=239366Kb
 bounds [0x0000021a1dd20000, 0x0000021a1e360000, 0x0000021a2cd20000]
 total_blobs=3624 nmethods=3175 adapters=361
 compilation: enabled

Compilation events (10 events):
Event: 2.264 Thread 0x0000021a388c1800 3169       1       org.springframework.core.ResolvableType::isAssignableFrom (7 bytes)
Event: 2.264 Thread 0x0000021a388c1800 nmethod 3169 0x0000021a1e35ca10 code [0x0000021a1e35cb60, 0x0000021a1e35cc90]
Event: 2.643 Thread 0x0000021a388c1800 3173       1       java.io.ObjectInputStream$BlockDataInputStream::readByte (20 bytes)
Event: 2.643 Thread 0x0000021a388c1800 nmethod 3173 0x0000021a1e35cd10 code [0x0000021a1e35ce80, 0x0000021a1e35d060]
Event: 2.643 Thread 0x0000021a388c1800 3172       1       java.io.ObjectStreamClass::forClass (52 bytes)
Event: 2.645 Thread 0x0000021a388c1800 nmethod 3172 0x0000021a1e35d150 code [0x0000021a1e35d360, 0x0000021a1e35da50]
Event: 2.645 Thread 0x0000021a388c1800 3174       1       java.io.ObjectInputStream$PeekInputStream::peek (49 bytes)
Event: 2.646 Thread 0x0000021a388c1800 nmethod 3174 0x0000021a1e35e150 code [0x0000021a1e35e2c0, 0x0000021a1e35e450]
Event: 2.646 Thread 0x0000021a388c1800 3175       1       java.io.ObjectInputStream$BlockDataInputStream::setBlockDataMode (74 bytes)
Event: 2.646 Thread 0x0000021a388c1800 nmethod 3175 0x0000021a1e35e4d0 code [0x0000021a1e35e640, 0x0000021a1e35e870]

GC Heap History (10 events):
Event: 1.193 GC heap before
{Heap before GC invocations=3 (full 1):
 PSYoungGen      total 75776K, used 10530K [0x000000076b780000, 0x0000000774b80000, 0x00000007c0000000)
  eden space 65024K, 0% used [0x000000076b780000,0x000000076b780000,0x000000076f700000)
  from space 10752K, 97% used [0x0000000770180000,0x0000000770bc8888,0x0000000770c00000)
  to   space 10752K, 0% used [0x000000076f700000,0x000000076f700000,0x0000000770180000)
 ParOldGen       total 173568K, used 24K [0x00000006c2600000, 0x00000006ccf80000, 0x000000076b780000)
  object space 173568K, 0% used [0x00000006c2600000,0x00000006c2606000,0x00000006ccf80000)
 Metaspace       used 20289K, capacity 21204K, committed 21296K, reserved 1067008K
  class space    used 2674K, capacity 2894K, committed 2944K, reserved 1048576K
Event: 1.216 GC heap after
Heap after GC invocations=3 (full 1):
 PSYoungGen      total 75776K, used 0K [0x000000076b780000, 0x0000000774b80000, 0x00000007c0000000)
  eden space 65024K, 0% used [0x000000076b780000,0x000000076b780000,0x000000076f700000)
  from space 10752K, 0% used [0x0000000770180000,0x0000000770180000,0x0000000770c00000)
  to   space 10752K, 0% used [0x000000076f700000,0x000000076f700000,0x0000000770180000)
 ParOldGen       total 108544K, used 10104K [0x00000006c2600000, 0x00000006c9000000, 0x000000076b780000)
  object space 108544K, 9% used [0x00000006c2600000,0x00000006c2fde100,0x00000006c9000000)
 Metaspace       used 20289K, capacity 21204K, committed 21296K, reserved 1067008K
  class space    used 2674K, capacity 2894K, committed 2944K, reserved 1048576K
}
Event: 1.652 GC heap before
{Heap before GC invocations=4 (full 1):
 PSYoungGen      total 75776K, used 65024K [0x000000076b780000, 0x0000000774b80000, 0x00000007c0000000)
  eden space 65024K, 100% used [0x000000076b780000,0x000000076f700000,0x000000076f700000)
  from space 10752K, 0% used [0x0000000770180000,0x0000000770180000,0x0000000770c00000)
  to   space 10752K, 0% used [0x000000076f700000,0x000000076f700000,0x0000000770180000)
 ParOldGen       total 108544K, used 10104K [0x00000006c2600000, 0x00000006c9000000, 0x000000076b780000)
  object space 108544K, 9% used [0x00000006c2600000,0x00000006c2fde100,0x00000006c9000000)
 Metaspace       used 24734K, capacity 26526K, committed 26624K, reserved 1073152K
  class space    used 3406K, capacity 3743K, committed 3840K, reserved 1048576K
Event: 1.656 GC heap after
Heap after GC invocations=4 (full 1):
 PSYoungGen      total 75776K, used 7710K [0x000000076b780000, 0x0000000772800000, 0x00000007c0000000)
  eden space 65024K, 0% used [0x000000076b780000,0x000000076b780000,0x000000076f700000)
  from space 10752K, 71% used [0x000000076f700000,0x000000076fe87a30,0x0000000770180000)
  to   space 10752K, 0% used [0x0000000771d80000,0x0000000771d80000,0x0000000772800000)
 ParOldGen       total 108544K, used 10112K [0x00000006c2600000, 0x00000006c9000000, 0x000000076b780000)
  object space 108544K, 9% used [0x00000006c2600000,0x00000006c2fe0100,0x00000006c9000000)
 Metaspace       used 24734K, capacity 26526K, committed 26624K, reserved 1073152K
  class space    used 3406K, capacity 3743K, committed 3840K, reserved 1048576K
}
Event: 2.021 GC heap before
{Heap before GC invocations=5 (full 1):
 PSYoungGen      total 75776K, used 72734K [0x000000076b780000, 0x0000000772800000, 0x00000007c0000000)
  eden space 65024K, 100% used [0x000000076b780000,0x000000076f700000,0x000000076f700000)
  from space 10752K, 71% used [0x000000076f700000,0x000000076fe87a30,0x0000000770180000)
  to   space 10752K, 0% used [0x0000000771d80000,0x0000000771d80000,0x0000000772800000)
 ParOldGen       total 108544K, used 10112K [0x00000006c2600000, 0x00000006c9000000, 0x000000076b780000)
  object space 108544K, 9% used [0x00000006c2600000,0x00000006c2fe0100,0x00000006c9000000)
 Metaspace       used 31021K, capacity 33088K, committed 33280K, reserved 1077248K
  class space    used 4204K, capacity 4600K, committed 4608K, reserved 1048576K
Event: 2.027 GC heap after
Heap after GC invocations=5 (full 1):
 PSYoungGen      total 104448K, used 9158K [0x000000076b780000, 0x0000000772880000, 0x00000007c0000000)
  eden space 93696K, 0% used [0x000000076b780000,0x000000076b780000,0x0000000771300000)
  from space 10752K, 85% used [0x0000000771d80000,0x0000000772671bf0,0x0000000772800000)
  to   space 10752K, 0% used [0x0000000771300000,0x0000000771300000,0x0000000771d80000)
 ParOldGen       total 108544K, used 10184K [0x00000006c2600000, 0x00000006c9000000, 0x000000076b780000)
  object space 108544K, 9% used [0x00000006c2600000,0x00000006c2ff2110,0x00000006c9000000)
 Metaspace       used 31021K, capacity 33088K, committed 33280K, reserved 1077248K
  class space    used 4204K, capacity 4600K, committed 4608K, reserved 1048576K
}
Event: 2.196 GC heap before
{Heap before GC invocations=6 (full 1):
 PSYoungGen      total 104448K, used 39746K [0x000000076b780000, 0x0000000772880000, 0x00000007c0000000)
  eden space 93696K, 32% used [0x000000076b780000,0x000000076d55ee98,0x0000000771300000)
  from space 10752K, 85% used [0x0000000771d80000,0x0000000772671bf0,0x0000000772800000)
  to   space 10752K, 0% used [0x0000000771300000,0x0000000771300000,0x0000000771d80000)
 ParOldGen       total 108544K, used 10184K [0x00000006c2600000, 0x00000006c9000000, 0x000000076b780000)
  object space 108544K, 9% used [0x00000006c2600000,0x00000006c2ff2110,0x00000006c9000000)
 Metaspace       used 33101K, capacity 35342K, committed 35456K, reserved 1079296K
  class space    used 4495K, capacity 4889K, committed 4992K, reserved 1048576K
Event: 2.201 GC heap after
Heap after GC invocations=6 (full 1):
 PSYoungGen      total 104448K, used 9444K [0x000000076b780000, 0x0000000775680000, 0x00000007c0000000)
  eden space 93696K, 0% used [0x000000076b780000,0x000000076b780000,0x0000000771300000)
  from space 10752K, 87% used [0x0000000771300000,0x0000000771c393b0,0x0000000771d80000)
  to   space 10752K, 0% used [0x0000000774c00000,0x0000000774c00000,0x0000000775680000)
 ParOldGen       total 108544K, used 10192K [0x00000006c2600000, 0x00000006c9000000, 0x000000076b780000)
  object space 108544K, 9% used [0x00000006c2600000,0x00000006c2ff4110,0x00000006c9000000)
 Metaspace       used 33101K, capacity 35342K, committed 35456K, reserved 1079296K
  class space    used 4495K, capacity 4889K, committed 4992K, reserved 1048576K
}
Event: 2.201 GC heap before
{Heap before GC invocations=7 (full 2):
 PSYoungGen      total 104448K, used 9444K [0x000000076b780000, 0x0000000775680000, 0x00000007c0000000)
  eden space 93696K, 0% used [0x000000076b780000,0x000000076b780000,0x0000000771300000)
  from space 10752K, 87% used [0x0000000771300000,0x0000000771c393b0,0x0000000771d80000)
  to   space 10752K, 0% used [0x0000000774c00000,0x0000000774c00000,0x0000000775680000)
 ParOldGen       total 108544K, used 10192K [0x00000006c2600000, 0x00000006c9000000, 0x000000076b780000)
  object space 108544K, 9% used [0x00000006c2600000,0x00000006c2ff4110,0x00000006c9000000)
 Metaspace       used 33101K, capacity 35342K, committed 35456K, reserved 1079296K
  class space    used 4495K, capacity 4889K, committed 4992K, reserved 1048576K
Event: 2.233 GC heap after
Heap after GC invocations=7 (full 2):
 PSYoungGen      total 104448K, used 0K [0x000000076b780000, 0x0000000775680000, 0x00000007c0000000)
  eden space 93696K, 0% used [0x000000076b780000,0x000000076b780000,0x0000000771300000)
  from space 10752K, 0% used [0x0000000771300000,0x0000000771300000,0x0000000771d80000)
  to   space 10752K, 0% used [0x0000000774c00000,0x0000000774c00000,0x0000000775680000)
 ParOldGen       total 169472K, used 14719K [0x00000006c2600000, 0x00000006ccb80000, 0x000000076b780000)
  object space 169472K, 8% used [0x00000006c2600000,0x00000006c345fc88,0x00000006ccb80000)
 Metaspace       used 33101K, capacity 35342K, committed 35456K, reserved 1079296K
  class space    used 4495K, capacity 4889K, committed 4992K, reserved 1048576K
}

Deoptimization events (0 events):
No events

Classes redefined (0 events):
No events

Internal exceptions (10 events):
Event: 2.173 Thread 0x0000021a1c49f800 Exception <a 'java/lang/ArrayIndexOutOfBoundsException'> (0x000000076d0233e0) thrown at [C:\jenkins\workspace\8-2-build-windows-amd64-cygwin\jdk8u301\1513\hotspot\src\share\vm\runtime\sharedRuntime.cpp, line 609]
Event: 2.189 Thread 0x0000021a1c49f800 Exception <a 'java/lang/ArrayIndexOutOfBoundsException'> (0x000000076d339648) thrown at [C:\jenkins\workspace\8-2-build-windows-amd64-cygwin\jdk8u301\1513\hotspot\src\share\vm\runtime\sharedRuntime.cpp, line 609]
Event: 2.189 Thread 0x0000021a1c49f800 Exception <a 'java/lang/ArrayIndexOutOfBoundsException'> (0x000000076d33d0e0) thrown at [C:\jenkins\workspace\8-2-build-windows-amd64-cygwin\jdk8u301\1513\hotspot\src\share\vm\runtime\sharedRuntime.cpp, line 609]
Event: 2.256 Thread 0x0000021a1c49f800 Exception <a 'java/lang/ArrayIndexOutOfBoundsException'> (0x000000076ba239d8) thrown at [C:\jenkins\workspace\8-2-build-windows-amd64-cygwin\jdk8u301\1513\hotspot\src\share\vm\runtime\sharedRuntime.cpp, line 609]
Event: 2.257 Thread 0x0000021a1c49f800 Exception <a 'java/lang/ArrayIndexOutOfBoundsException'> (0x000000076ba2b728) thrown at [C:\jenkins\workspace\8-2-build-windows-amd64-cygwin\jdk8u301\1513\hotspot\src\share\vm\runtime\sharedRuntime.cpp, line 609]
Event: 2.257 Thread 0x0000021a1c49f800 Exception <a 'java/lang/ArrayIndexOutOfBoundsException'> (0x000000076ba2db68) thrown at [C:\jenkins\workspace\8-2-build-windows-amd64-cygwin\jdk8u301\1513\hotspot\src\share\vm\runtime\sharedRuntime.cpp, line 609]
Event: 2.257 Thread 0x0000021a1c49f800 Exception <a 'java/lang/ArrayIndexOutOfBoundsException'> (0x000000076ba30010) thrown at [C:\jenkins\workspace\8-2-build-windows-amd64-cygwin\jdk8u301\1513\hotspot\src\share\vm\runtime\sharedRuntime.cpp, line 609]
Event: 2.257 Thread 0x0000021a1c49f800 Exception <a 'java/lang/ArrayIndexOutOfBoundsException'> (0x000000076ba318d8) thrown at [C:\jenkins\workspace\8-2-build-windows-amd64-cygwin\jdk8u301\1513\hotspot\src\share\vm\runtime\sharedRuntime.cpp, line 609]
Event: 2.264 Thread 0x0000021a1c49f800 Exception <a 'java/lang/ArrayIndexOutOfBoundsException'> (0x000000076bac1528) thrown at [C:\jenkins\workspace\8-2-build-windows-amd64-cygwin\jdk8u301\1513\hotspot\src\share\vm\runtime\sharedRuntime.cpp, line 609]
Event: 2.265 Thread 0x0000021a1c49f800 Exception <a 'java/lang/ArrayIndexOutOfBoundsException'> (0x000000076bad2ec8) thrown at [C:\jenkins\workspace\8-2-build-windows-amd64-cygwin\jdk8u301\1513\hotspot\src\share\vm\runtime\sharedRuntime.cpp, line 609]

Events (10 events):
Event: 2.265 loading class org/springframework/context/ConfigurableApplicationContext done
Event: 2.265 Thread 0x0000021a1c49f800 Thread exited: 0x0000021a1c49f800
Event: 2.265 Thread 0x0000021a1c49f800 Thread added: 0x0000021a1c49f800
Event: 2.641 Thread 0x0000021a3a75c000 Thread added: 0x0000021a3a75c000
Event: 2.646 loading class sun/reflect/misc/MethodUtil
Event: 2.646 loading class sun/reflect/misc/MethodUtil done
Event: 2.646 loading class sun/reflect/misc/MethodUtil$1
Event: 2.646 loading class sun/reflect/misc/MethodUtil$1 done
Event: 2.647 loading class java/net/HttpURLConnection
Event: 2.647 loading class java/net/HttpURLConnection done


Dynamic libraries:
0x00007ff715250000 - 0x00007ff715297000 	D:\software\java\bin\java.exe
0x00007ffd53090000 - 0x00007ffd53285000 	C:\WINDOWS\SYSTEM32\ntdll.dll
0x00007ffd52170000 - 0x00007ffd5222e000 	C:\WINDOWS\System32\KERNEL32.DLL
0x00007ffd50810000 - 0x00007ffd50ad9000 	C:\WINDOWS\System32\KERNELBASE.dll
0x00007ffd52fa0000 - 0x00007ffd5304c000 	C:\WINDOWS\System32\ADVAPI32.dll
0x00007ffd525c0000 - 0x00007ffd5265e000 	C:\WINDOWS\System32\msvcrt.dll
0x00007ffd529d0000 - 0x00007ffd52a6b000 	C:\WINDOWS\System32\sechost.dll
0x00007ffd510e0000 - 0x00007ffd5120a000 	C:\WINDOWS\System32\RPCRT4.dll
0x00007ffd51400000 - 0x00007ffd515a1000 	C:\WINDOWS\System32\USER32.dll
0x00007ffd50fb0000 - 0x00007ffd50fd2000 	C:\WINDOWS\System32\win32u.dll
0x00007ffd52790000 - 0x00007ffd527bb000 	C:\WINDOWS\System32\GDI32.dll
0x00007ffd50b90000 - 0x00007ffd50c9b000 	C:\WINDOWS\System32\gdi32full.dll
0x00007ffd50ca0000 - 0x00007ffd50d3d000 	C:\WINDOWS\System32\msvcp_win.dll
0x00007ffd50fe0000 - 0x00007ffd510e0000 	C:\WINDOWS\System32\ucrtbase.dll
0x00007ffd3ef50000 - 0x00007ffd3f1ea000 	C:\WINDOWS\WinSxS\amd64_microsoft.windows.common-controls_6595b64144ccf1df_6.0.19041.1110_none_60b5254171f9507e\COMCTL32.dll
0x00007ffd513d0000 - 0x00007ffd51400000 	C:\WINDOWS\System32\IMM32.DLL
0x00007ffd4e030000 - 0x00007ffd4e045000 	D:\software\java\jre\bin\vcruntime140.dll
0x00007ffd463a0000 - 0x00007ffd4643b000 	D:\software\java\jre\bin\msvcp140.dll
0x0000000066510000 - 0x0000000066d70000 	D:\software\java\jre\bin\server\jvm.dll
0x00007ffd52f90000 - 0x00007ffd52f98000 	C:\WINDOWS\System32\PSAPI.DLL
0x00007ffd4c320000 - 0x00007ffd4c329000 	C:\WINDOWS\SYSTEM32\WSOCK32.dll
0x00007ffd4af30000 - 0x00007ffd4af3a000 	C:\WINDOWS\SYSTEM32\VERSION.dll
0x00007ffd52530000 - 0x00007ffd5259b000 	C:\WINDOWS\System32\WS2_32.dll
0x00007ffd3af20000 - 0x00007ffd3af47000 	C:\WINDOWS\SYSTEM32\WINMM.dll
0x00007ffd4e5f0000 - 0x00007ffd4e602000 	C:\WINDOWS\SYSTEM32\kernel.appcore.dll
0x00007ffd4c370000 - 0x00007ffd4c380000 	D:\software\java\jre\bin\verify.dll
0x00007ffd4bfc0000 - 0x00007ffd4bfeb000 	D:\software\java\jre\bin\java.dll
0x00007ffd47d30000 - 0x00007ffd47d60000 	D:\software\java\jre\bin\instrument.dll
0x00007ffd4c350000 - 0x00007ffd4c368000 	D:\software\java\jre\bin\zip.dll
0x00007ffd515b0000 - 0x00007ffd51cef000 	C:\WINDOWS\System32\SHELL32.dll
0x00007ffd4e8d0000 - 0x00007ffd4f060000 	C:\WINDOWS\SYSTEM32\windows.storage.dll
0x00007ffd52b00000 - 0x00007ffd52e55000 	C:\WINDOWS\System32\combase.dll
0x00007ffd50130000 - 0x00007ffd5015c000 	C:\WINDOWS\SYSTEM32\Wldp.dll
0x00007ffd52300000 - 0x00007ffd523ad000 	C:\WINDOWS\System32\SHCORE.dll
0x00007ffd52f10000 - 0x00007ffd52f65000 	C:\WINDOWS\System32\shlwapi.dll
0x00007ffd506f0000 - 0x00007ffd5070f000 	C:\WINDOWS\SYSTEM32\profapi.dll
0x00007ffd46360000 - 0x00007ffd4637a000 	D:\software\idea\IntelliJ IDEA 2021.1.2\bin\breakgen64.dll
0x00007ffd47d10000 - 0x00007ffd47d2c000 	D:\software\java\jre\bin\net.dll
0x00007ffd4fe90000 - 0x00007ffd4fefa000 	C:\WINDOWS\system32\mswsock.dll
0x00007ffd4fbc0000 - 0x00007ffd4fc8c000 	C:\WINDOWS\SYSTEM32\DNSAPI.dll
0x00007ffd4fb80000 - 0x00007ffd4fbbb000 	C:\WINDOWS\SYSTEM32\IPHLPAPI.DLL
0x00007ffd525a0000 - 0x00007ffd525a8000 	C:\WINDOWS\System32\NSI.dll
0x00007ffd49460000 - 0x00007ffd4946a000 	C:\Windows\System32\rasadhlp.dll
0x00007ffd494d0000 - 0x00007ffd4954f000 	C:\WINDOWS\System32\fwpuclnt.dll
0x00007ffd50ef0000 - 0x00007ffd50f17000 	C:\WINDOWS\System32\bcrypt.dll
0x00007ffd49bc0000 - 0x00007ffd49bcd000 	D:\software\java\jre\bin\management.dll
0x00007ffd46380000 - 0x00007ffd46393000 	D:\software\java\jre\bin\nio.dll
0x00007ffd50080000 - 0x00007ffd50098000 	C:\WINDOWS\SYSTEM32\CRYPTSP.dll
0x00007ffd4f810000 - 0x00007ffd4f844000 	C:\WINDOWS\system32\rsaenh.dll
0x00007ffd506b0000 - 0x00007ffd506de000 	C:\WINDOWS\SYSTEM32\USERENV.dll
0x00007ffd50f20000 - 0x00007ffd50fa3000 	C:\WINDOWS\System32\bcryptprimitives.dll
0x00007ffd500a0000 - 0x00007ffd500ac000 	C:\WINDOWS\SYSTEM32\CRYPTBASE.dll
0x00007ffd4af00000 - 0x00007ffd4af17000 	C:\WINDOWS\SYSTEM32\dhcpcsvc6.DLL
0x00007ffd4aee0000 - 0x00007ffd4aefd000 	C:\WINDOWS\SYSTEM32\dhcpcsvc.DLL
0x00007ffd42dd0000 - 0x00007ffd42de7000 	C:\WINDOWS\system32\napinsp.dll
0x00007ffd42db0000 - 0x00007ffd42dcb000 	C:\WINDOWS\system32\pnrpnsp.dll
0x00007ffd3f2b0000 - 0x00007ffd3f2c5000 	C:\WINDOWS\system32\wshbth.dll
0x00007ffd4c200000 - 0x00007ffd4c21d000 	C:\WINDOWS\system32\NLAapi.dll
0x00007ffd3f290000 - 0x00007ffd3f2a2000 	C:\WINDOWS\System32\winrnr.dll
0x00007ffd45c70000 - 0x00007ffd45e54000 	C:\WINDOWS\SYSTEM32\dbghelp.dll

VM Arguments:
jvm_args: -XX:TieredStopAtLevel=1 -Xverify:none -Dspring.output.ansi.enabled=always -javaagent:D:\software\idea\IntelliJ IDEA 2021.1.2\lib\idea_rt.jar=58356:D:\software\idea\IntelliJ IDEA 2021.1.2\bin -Dcom.sun.management.jmxremote -Dspring.jmx.enabled=true -Dspring.liveBeansView.mbeanDomain -Dspring.application.admin.enabled=true -Dfile.encoding=UTF-8 
java_command: com.fh.store.StoreApplication
java_class_path (initial): D:\software\java\jre\lib\charsets.jar;D:\software\java\jre\lib\deploy.jar;D:\software\java\jre\lib\ext\access-bridge-64.jar;D:\software\java\jre\lib\ext\cldrdata.jar;D:\software\java\jre\lib\ext\dnsns.jar;D:\software\java\jre\lib\ext\jaccess.jar;D:\software\java\jre\lib\ext\jfxrt.jar;D:\software\java\jre\lib\ext\localedata.jar;D:\software\java\jre\lib\ext\nashorn.jar;D:\software\java\jre\lib\ext\sunec.jar;D:\software\java\jre\lib\ext\sunjce_provider.jar;D:\software\java\jre\lib\ext\sunmscapi.jar;D:\software\java\jre\lib\ext\sunpkcs11.jar;D:\software\java\jre\lib\ext\zipfs.jar;D:\software\java\jre\lib\javaws.jar;D:\software\java\jre\lib\jce.jar;D:\software\java\jre\lib\jfr.jar;D:\software\java\jre\lib\jfxswt.jar;D:\software\java\jre\lib\jsse.jar;D:\software\java\jre\lib\management-agent.jar;D:\software\java\jre\lib\plugin.jar;D:\software\java\jre\lib\resources.jar;D:\software\java\jre\lib\rt.jar;E:\workspace_idea\store\target\classes;C:\Users\14339\.m2\repository\org\springframework\boot\spring-boot-starter-web\2.5.5\spring-boot-starter-web-2.5.5.jar;C:\Users\14339\.m2\repository\org\springframework\boot\spring-boot-starter\2.5.5\spring-boot-starter-2.5.5.jar;C:\Users\14339\.m2\repository\org\springframework\boot\spring-boot\2.5.5\spring-boot-2.5.5.jar;C:\Users\14339\.m2\repository\org\springframework\boot\spring-boot-autoconfigure\2.5.5\spring-boot-autoconfigure-2.5.5.jar;C:\Users\14339\.m2\repository\org\springframework\boot\spring-boot-starter-logging\2.5.5\spring-boot-starter-logging-2.5.5.jar;C:\Users\14339\.m2\repository\ch\qos\logback\logback-classic\1.2.6\logback-classic-1.2.6.jar;C:\Users\14339\.m2\repository\ch\qos\logback\logback-core\1.2.6\logback-core-1.2.6.jar;C:\Users\14339\.m2\repository\org\apache\logging\log4j\log4j-to-slf4j\2.14.1\log4j-to-slf4j-2.14.1.jar;C:\Users\14339\.m2\repository\org\apache\logging\log4j\log4j-api\2.14.1\log4j-api-2.14.1.jar;C:\Users\14339\.m2\repository\org\slf4j\jul-to-slf4j\1.7.32\jul-to-slf4j-
Launcher Type: SUN_STANDARD

Environment Variables:
JAVA_HOME=D:\software\java
CLASSPATH=.;D:\software\java\lib;D:\software\java\lib\tools.jar
PATH=D:\software\VMwareworkstation\bin\;C:\WINDOWS\system32;C:\WINDOWS;C:\WINDOWS\System32\Wbem;C:\WINDOWS\System32\WindowsPowerShell\v1.0\;C:\WINDOWS\System32\OpenSSH\;D:\software\java\bin;D:\software\xftp\;D:\software\xshell\;E:\maven\apache-maven-3.6.1\bin;D:\software\mysql-8.0.26-winx64\bin;E:\hadoop-3.2.2\bin;C:\Users\14339\AppData\Local\Microsoft\WindowsApps;
USERNAME=14339
OS=Windows_NT
PROCESSOR_IDENTIFIER=Intel64 Family 6 Model 158 Stepping 10, GenuineIntel



---------------  S Y S T E M  ---------------

OS: Windows 10.0 , 64 bit Build 19041 (10.0.19041.1202)

CPU:total 6 (initial active 6) (6 cores per cpu, 1 threads per core) family 6 model 158 stepping 10, cmov, cx8, fxsr, mmx, sse, sse2, sse3, ssse3, sse4.1, sse4.2, popcnt, avx, avx2, aes, clmul, erms, 3dnowpref, lzcnt, tsc, tscinvbit, bmi1, bmi2, adx

Memory: 4k page, physical 16614808k(8983348k free), swap 19629464k(10291520k free)

vm_info: Java HotSpot(TM) 64-Bit Server VM (25.301-b09) for windows-amd64 JRE (1.8.0_301-b09), built on Jun  9 2021 06:46:21 by "java_re" with MS VC++ 15.9 (VS2017)

time: Mon Oct 18 13:08:00 2021
timezone: 中国标准时间
elapsed time: 2.705354 seconds (0d 0h 0m 2s)

